<?xml version="1.0" encoding="UTF-8"?>
<testng-results ignored="0" total="1" passed="1" failed="0" skipped="0">
  <reporter-output>
  </reporter-output>
  <suite started-at="2023-06-26T13:10:09 IST" name="Default suite" finished-at="2023-06-26T13:10:12 IST" duration-ms="2942">
    <groups>
    </groups>
    <test started-at="2023-06-26T13:10:09 IST" name="Default test" finished-at="2023-06-26T13:10:12 IST" duration-ms="2942">
      <class name="com.testng.TestngAnnotations">
        <test-method is-config="true" signature="BrowserOpen()[pri:0, instance:com.testng.TestngAnnotations@3b0fe47a]" started-at="2023-06-26T13:10:09 IST" name="BrowserOpen" finished-at="2023-06-26T13:10:11 IST" duration-ms="1450" status="PASS">
          <reporter-output>
          </reporter-output>
        </test-method> <!-- BrowserOpen -->
        <test-method signature="Url()[pri:0, instance:com.testng.TestngAnnotations@3b0fe47a]" started-at="2023-06-26T13:10:11 IST" name="Url" finished-at="2023-06-26T13:10:12 IST" duration-ms="1349" status="PASS">
          <reporter-output>
          </reporter-output>
        </test-method> <!-- Url -->
        <test-method is-config="true" signature="BrowserClose()[pri:0, instance:com.testng.TestngAnnotations@3b0fe47a]" started-at="2023-06-26T13:10:12 IST" name="BrowserClose" finished-at="2023-06-26T13:10:12 IST" duration-ms="118" status="PASS">
          <reporter-output>
          </reporter-output>
        </test-method> <!-- BrowserClose -->
      </class> <!-- com.testng.TestngAnnotations -->
    </test> <!-- Default test -->
  </suite> <!-- Default suite -->
</testng-results>
